src/Level-4-Individual-Project/Library/Bee/Android/Prj/IL2CPP/Gradle/unityLibrary/build/intermediates/manifest_merge_blame_file/release/processReleaseManifest/manifest-merger-blame-release-report.txt
1<?xml version="1.0" encoding="utf-8"?>
2<manifest xmlns:android="http://schemas.android.com/apk/res/android"
3    xmlns:tools="http://schemas.android.com/tools"
4    package="com.unity3d.player"
5    android:installLocation="auto" >
6
7    <uses-sdk android:minSdkVersion="29" />
8
9    <uses-permission android:name="android.permission.INTERNET" />
9-->src\main\AndroidManifest.xml:3:3-65
9-->src\main\AndroidManifest.xml:3:20-62
10
11    <uses-feature
11-->src\main\AndroidManifest.xml:4:3-111
12        android:name="android.hardware.vr.headtracking"
12-->src\main\AndroidManifest.xml:4:17-64
13        android:required="true"
13-->src\main\AndroidManifest.xml:4:65-88
14        android:version="1" />
14-->src\main\AndroidManifest.xml:4:89-108
15    <uses-feature
15-->src\main\AndroidManifest.xml:5:3-90
16        android:name="android.hardware.vulkan.version"
16-->src\main\AndroidManifest.xml:5:17-63
17        android:required="true" />
17-->src\main\AndroidManifest.xml:5:64-87
18    <uses-feature
18-->src\main\AndroidManifest.xml:6:3-88
19        android:name="android.hardware.touchscreen"
19-->src\main\AndroidManifest.xml:6:17-60
20        android:required="false" />
20-->src\main\AndroidManifest.xml:6:61-85
21    <uses-feature
21-->src\main\AndroidManifest.xml:7:3-99
22        android:name="android.hardware.touchscreen.multitouch"
22-->src\main\AndroidManifest.xml:7:17-71
23        android:required="false" />
23-->src\main\AndroidManifest.xml:7:72-96
24    <uses-feature
24-->src\main\AndroidManifest.xml:8:3-108
25        android:name="android.hardware.touchscreen.multitouch.distinct"
25-->src\main\AndroidManifest.xml:8:17-80
26        android:required="false" />
26-->src\main\AndroidManifest.xml:8:81-105
27    <uses-feature
27-->src\main\AndroidManifest.xml:40:3-88
28        android:name="oculus.software.handtracking"
28-->src\main\AndroidManifest.xml:40:17-60
29        android:required="false" />
29-->src\main\AndroidManifest.xml:40:61-85
30
31    <uses-permission android:name="com.oculus.permission.HAND_TRACKING" />
31-->src\main\AndroidManifest.xml:41:3-73
31-->src\main\AndroidManifest.xml:41:20-70
32    <uses-permission android:name="com.oculus.permission.USE_ANCHOR_API" />
32-->src\main\AndroidManifest.xml:42:3-74
32-->src\main\AndroidManifest.xml:42:20-71
33
34    <uses-feature
34-->src\main\AndroidManifest.xml:43:3-90
35        android:name="com.oculus.feature.PASSTHROUGH"
35-->src\main\AndroidManifest.xml:43:17-62
36        android:required="false" />
36-->src\main\AndroidManifest.xml:43:63-87
37
38    <uses-permission android:name="com.oculus.permission.USE_SCENE" />
38-->src\main\AndroidManifest.xml:44:3-69
38-->src\main\AndroidManifest.xml:44:20-66
39
40    <application
40-->src\main\AndroidManifest.xml:9:3-39:17
41        android:allowBackup="false"
41-->src\main\AndroidManifest.xml:9:16-43
42        android:extractNativeLibs="true"
42-->src\main\AndroidManifest.xml:9:44-76
43        android:icon="@mipmap/app_icon"
43-->src\main\AndroidManifest.xml:9:77-108
44        android:label="@string/app_name"
44-->src\main\AndroidManifest.xml:9:109-141
45        android:networkSecurityConfig="@xml/network_sec_config" >
45-->src\main\AndroidManifest.xml:9:142-197
46        <meta-data
46-->src\main\AndroidManifest.xml:10:5-89
47            android:name="unityplayer.SkipPermissionsDialog"
47-->src\main\AndroidManifest.xml:10:16-64
48            android:value="false" />
48-->src\main\AndroidManifest.xml:10:65-86
49        <meta-data
49-->src\main\AndroidManifest.xml:11:5-97
50            android:name="com.samsung.android.vr.application.mode"
50-->src\main\AndroidManifest.xml:11:16-70
51            android:value="vr_only" />
51-->src\main\AndroidManifest.xml:11:71-94
52        <meta-data
52-->src\main\AndroidManifest.xml:12:5-103
53            android:name="com.oculus.ossplash.background"
53-->src\main\AndroidManifest.xml:12:16-61
54            android:value="passthrough-contextual" />
54-->src\main\AndroidManifest.xml:12:62-100
55        <meta-data
55-->src\main\AndroidManifest.xml:13:5-120
56            android:name="com.oculus.telemetry.project_guid"
56-->src\main\AndroidManifest.xml:13:16-64
57            android:value="28ce832a-9d0e-42bd-bbdc-67789bf988fd" />
57-->src\main\AndroidManifest.xml:13:65-117
58        <meta-data
58-->src\main\AndroidManifest.xml:14:5-108
59            android:name="com.oculus.supportedDevices"
59-->src\main\AndroidManifest.xml:14:16-58
60            android:value="quest2|questpro|quest3|quest3s" />
60-->src\main\AndroidManifest.xml:14:59-105
61        <meta-data
61-->src\main\AndroidManifest.xml:15:5-69
62            android:name="unity.splash-mode"
62-->src\main\AndroidManifest.xml:15:16-48
63            android:value="0" />
63-->src\main\AndroidManifest.xml:15:49-66
64        <meta-data
64-->src\main\AndroidManifest.xml:16:5-74
65            android:name="unity.splash-enable"
65-->src\main\AndroidManifest.xml:16:16-50
66            android:value="True" />
66-->src\main\AndroidManifest.xml:16:51-71
67        <meta-data
67-->src\main\AndroidManifest.xml:17:5-78
68            android:name="unity.launch-fullscreen"
68-->src\main\AndroidManifest.xml:17:16-54
69            android:value="True" />
69-->src\main\AndroidManifest.xml:17:55-75
70        <meta-data
70-->src\main\AndroidManifest.xml:18:5-84
71            android:name="unity.render-outside-safearea"
71-->src\main\AndroidManifest.xml:18:16-60
72            android:value="True" />
72-->src\main\AndroidManifest.xml:18:61-81
73        <meta-data
73-->src\main\AndroidManifest.xml:19:5-81
74            android:name="notch.config"
74-->src\main\AndroidManifest.xml:19:16-43
75            android:value="portrait|landscape" />
75-->src\main\AndroidManifest.xml:19:44-78
76        <meta-data
76-->src\main\AndroidManifest.xml:20:5-84
77            android:name="unity.auto-report-fully-drawn"
77-->src\main\AndroidManifest.xml:20:16-60
78            android:value="true" />
78-->src\main\AndroidManifest.xml:20:61-81
79        <meta-data
79-->src\main\AndroidManifest.xml:21:5-80
80            android:name="unity.auto-set-game-state"
80-->src\main\AndroidManifest.xml:21:16-56
81            android:value="true" />
81-->src\main\AndroidManifest.xml:21:57-77
82        <meta-data
82-->src\main\AndroidManifest.xml:22:5-78
83            android:name="unity.strip-engine-code"
83-->src\main\AndroidManifest.xml:22:16-54
84            android:value="true" />
84-->src\main\AndroidManifest.xml:22:55-75
85
86        <activity
86-->src\main\AndroidManifest.xml:23:5-33:16
87            android:name="com.unity3d.player.UnityPlayerGameActivity"
87-->src\main\AndroidManifest.xml:23:274-331
88            android:configChanges="keyboard|keyboardHidden|navigation|orientation|screenLayout|screenSize|uiMode|density"
88-->src\main\AndroidManifest.xml:23:15-124
89            android:enabled="true"
89-->src\main\AndroidManifest.xml:23:125-147
90            android:excludeFromRecents="true"
90-->src\main\AndroidManifest.xml:23:148-181
91            android:exported="true"
91-->src\main\AndroidManifest.xml:23:182-205
92            android:hardwareAccelerated="false"
92-->src\main\AndroidManifest.xml:23:206-241
93            android:launchMode="singleTask"
93-->src\main\AndroidManifest.xml:23:242-273
94            android:resizeableActivity="false"
94-->src\main\AndroidManifest.xml:23:332-366
95            android:screenOrientation="landscape"
95-->src\main\AndroidManifest.xml:23:367-404
96            android:theme="@style/BaseUnityGameActivityTheme" >
96-->src\main\AndroidManifest.xml:23:405-454
97            <intent-filter>
97-->src\main\AndroidManifest.xml:24:7-28:23
98                <category android:name="android.intent.category.LAUNCHER" />
98-->src\main\AndroidManifest.xml:25:9-69
98-->src\main\AndroidManifest.xml:25:19-66
99                <category android:name="com.oculus.intent.category.VR" />
99-->src\main\AndroidManifest.xml:26:9-66
99-->src\main\AndroidManifest.xml:26:19-63
100
101                <action android:name="android.intent.action.MAIN" />
101-->src\main\AndroidManifest.xml:27:9-61
101-->src\main\AndroidManifest.xml:27:17-58
102            </intent-filter>
103
104            <meta-data
104-->src\main\AndroidManifest.xml:29:7-81
105                android:name="com.oculus.vr.focusaware"
105-->src\main\AndroidManifest.xml:29:18-57
106                android:value="true" />
106-->src\main\AndroidManifest.xml:29:58-78
107            <meta-data
107-->src\main\AndroidManifest.xml:30:7-130
108                android:name="WindowManagerPreference:FreeformWindowSize"
108-->src\main\AndroidManifest.xml:30:18-75
109                android:value="@string/FreeformWindowSize_maximize" />
109-->src\main\AndroidManifest.xml:30:76-127
110            <meta-data
110-->src\main\AndroidManifest.xml:31:7-145
111                android:name="WindowManagerPreference:FreeformWindowOrientation"
111-->src\main\AndroidManifest.xml:31:18-82
112                android:value="@string/FreeformWindowOrientation_landscape" />
112-->src\main\AndroidManifest.xml:31:83-142
113            <meta-data
113-->src\main\AndroidManifest.xml:32:7-70
114                android:name="notch_support"
114-->src\main\AndroidManifest.xml:32:18-46
115                android:value="true" />
115-->src\main\AndroidManifest.xml:32:47-67
116        </activity>
117
118        <meta-data
118-->src\main\AndroidManifest.xml:34:5-91
119            android:name="com.unity.xr.oculus.LowOverheadMode"
119-->src\main\AndroidManifest.xml:34:16-66
120            android:value="false" />
120-->src\main\AndroidManifest.xml:34:67-88
121        <meta-data
121-->src\main\AndroidManifest.xml:35:5-88
122            android:name="com.unity.xr.oculus.LateLatching"
122-->src\main\AndroidManifest.xml:35:16-63
123            android:value="false" />
123-->src\main\AndroidManifest.xml:35:64-85
124        <meta-data
124-->src\main\AndroidManifest.xml:36:5-93
125            android:name="com.unity.xr.oculus.LateLatchingDebug"
125-->src\main\AndroidManifest.xml:36:16-68
126            android:value="false" />
126-->src\main\AndroidManifest.xml:36:69-90
127        <meta-data
127-->src\main\AndroidManifest.xml:37:5-87
128            android:name="com.oculus.handtracking.frequency"
128-->src\main\AndroidManifest.xml:37:16-64
129            android:value="LOW" />
129-->src\main\AndroidManifest.xml:37:65-84
130        <meta-data
130-->src\main\AndroidManifest.xml:38:5-86
131            android:name="com.oculus.handtracking.version"
131-->src\main\AndroidManifest.xml:38:16-62
132            android:value="V2.0" />
132-->src\main\AndroidManifest.xml:38:63-83
133    </application>
134
135</manifest>